34
118996114
Premier League 
118996115
Championship 
118996116
League One 
118996117
League Two 
118996118
Football Conference 
118996307
Conference North 
118996308
Conference South 
118996176
Scottish Premiership 
118996177
Scottish Championship 
118996178
Scottish League One 
118996179
Scottish League Two 
118999031
Highland League 
119003997
Lowland League 
118996207
Welsh Premier League 
118996238
Irish Premiership 
118996240
League of Ireland Premier 
119000919
Austrian Bundesliga 
119000924
Belgian Pro League 
119000950
Danish Superliga 
119001012
Dutch Eredivisie 
119000955
Finnish Veikkausliiga 
119000981
French Ligue 1 
119000986
German Bundesliga 
119001136
Greek Superleague 
119001017
Italian Serie A 
119001043
Norwegian Tippeligaen 
119001048
Portuguese Primeira Liga 
119001074
Spanish La Liga 
119001079
Swedish Allsvenskan 
119001105
Swiss Super League 
119001110
Turkish Super Lig 
119003989
Women's Super League 
999999991
Women's Premier North 
999999992
Women's Premier South 
